<?xml version="1.0" encoding="UTF-8"?>
<!-- Generated by org.testng.reporters.JUnitReportReporter -->
<testsuite skipped="0" hostname="INW1PF0YDWNS" name="test.Scenario1" tests="1" failures="0" timestamp="18 Feb 2019 10:19:59 GMT" time="10.333" errors="0">
  <testcase name="scenario1" time="10.333" classname="test.Scenario1"/>
</testsuite> <!-- test.Scenario1 -->
